[debug] [2020-10-28T15:42:58.406Z] ----------------------------------------------------------------------
[debug] [2020-10-28T15:42:58.410Z] Command:       C:\Program Files\nodejs\node.exe C:\Users\13022\AppData\Roaming\npm\node_modules\firebase-tools\lib\bin\firebase.js deploy
[debug] [2020-10-28T15:42:58.411Z] CLI Version:   8.10.0
[debug] [2020-10-28T15:42:58.411Z] Platform:      win32
[debug] [2020-10-28T15:42:58.411Z] Node Version:  v12.18.2
[debug] [2020-10-28T15:42:58.413Z] Time:          Wed Oct 28 2020 15:42:58 GMT+0000 (Greenwich Mean Time)
[debug] [2020-10-28T15:42:58.413Z] ----------------------------------------------------------------------
[debug] [2020-10-28T15:42:58.414Z] 
[debug] [2020-10-28T15:42:58.428Z] > command requires scopes: ["email","openid","https://www.googleapis.com/auth/cloudplatformprojects.readonly","https://www.googleapis.com/auth/firebase","https://www.googleapis.com/auth/cloud-platform"]
[debug] [2020-10-28T15:42:58.429Z] > authorizing via signed-in user
[debug] [2020-10-28T15:42:58.429Z] [iam] checking project personal-blog-d6e19 for permissions ["firebase.projects.get","firebasehosting.sites.update"]
[debug] [2020-10-28T15:42:58.435Z] >>> HTTP REQUEST POST https://cloudresourcemanager.googleapis.com/v1/projects/personal-blog-d6e19:testIamPermissions  
 {"permissions":["firebase.projects.get","firebasehosting.sites.update"]}
[debug] [2020-10-28T15:43:10.086Z] [iam] error while checking permissions, command may fail: FirebaseError: Server Error. getaddrinfo ENOTFOUND cloudresourcemanager.googleapis.com
[debug] [2020-10-28T15:43:10.087Z] >>> HTTP REQUEST GET https://firebase.googleapis.com/v1beta1/projects/personal-blog-d6e19  
 
[debug] [2020-10-28T15:43:10.092Z] Server Error. getaddrinfo ENOTFOUND firebase.googleapis.com
[debug] [2020-10-28T15:43:10.102Z] FirebaseError: Server Error. getaddrinfo ENOTFOUND firebase.googleapis.com
    at Request._callback (C:\Users\13022\AppData\Roaming\npm\node_modules\firebase-tools\lib\api.js:32:31)
    at self.callback (C:\Users\13022\AppData\Roaming\npm\node_modules\firebase-tools\node_modules\request\request.js:185:22)
    at Request.emit (events.js:315:20)
    at Request.EventEmitter.emit (domain.js:482:12)
    at Request.onRequestError (C:\Users\13022\AppData\Roaming\npm\node_modules\firebase-tools\node_modules\request\request.js:877:8)
    at ClientRequest.emit (events.js:327:22)
    at ClientRequest.EventEmitter.emit (domain.js:482:12)
    at TLSSocket.socketErrorListener (_http_client.js:426:9)
    at TLSSocket.emit (events.js:315:20)
    at TLSSocket.EventEmitter.emit (domain.js:482:12)
    at emitErrorNT (internal/streams/destroy.js:92:8)
    at emitErrorAndCloseNT (internal/streams/destroy.js:60:3)
    at processTicksAndRejections (internal/process/task_queues.js:84:21)
[error] 
[error] Error: Failed to get Firebase project personal-blog-d6e19. Please make sure the project exists and your account has permission to access it.
